.F...................F..................                                 [100%]
=================================== FAILURES ===================================
______________________________ test_mbpp_asserts _______________________________

    def test_mbpp_asserts():
>       assert kth_element([12,3,5,7,19], 5, 2) == 3
E       assert 5 == 3
E        +  where 5 = kth_element([3, 5, 7, 12, 19], 5, 2)

tests/test_task_101.py:4: AssertionError
______________________________ test_mbpp_asserts _______________________________

    def test_mbpp_asserts():
>       assert upper_ctr('PYthon') == 1
E       AssertionError: assert 2 == 1
E        +  where 2 = upper_ctr('PYthon')

tests/test_task_461.py:4: AssertionError
=========================== short test summary info ============================
FAILED tests/test_task_101.py::test_mbpp_asserts - assert 5 == 3
FAILED tests/test_task_461.py::test_mbpp_asserts - AssertionError: assert 2 == 1
